  main.cpp
C:\Users\ArthurMaiaValerio\Desktop\Faculdade\PG\Sabertooth-master\Sabertooth\main.cpp(3,1): warning C4005:  'EXIT_FAILURE': macro redefinition
  Shader.cpp
  System.cpp
  Texture.cpp
C:\Program Files (x86)\Windows Kits\10\Include\10.0.18362.0\ucrt\stdlib.h(49): message :  see previous definition of 'EXIT_FAILURE'
C:\Users\ArthurMaiaValerio\Desktop\Faculdade\PG\Sabertooth-master\Sabertooth\Texture.cpp(20,13): warning C4101:  'height': unreferenced local variable
C:\Users\ArthurMaiaValerio\Desktop\Faculdade\PG\Sabertooth-master\Sabertooth\Texture.cpp(20,6): warning C4101:  'width': unreferenced local variable
  Generating Code...
C:\Users\ArthurMaiaValerio\Desktop\Faculdade\PG\Sabertooth-master\Sabertooth\Texture.cpp(21,17): warning C4101:  'image': unreferenced local variable
  SOIL.lib(SOIL.obj) : MSIL .netmodule or module compiled with /GL found; restarting link with /LTCG; add /LTCG to the link command line to improve linker performance
LINK : warning LNK4075: ignoring '/INCREMENTAL' due to '/LTCG' specification
LINK : warning LNK4098: defaultlib 'MSVCRT' conflicts with use of other libs; use /NODEFAULTLIB:library
  Generating code
  Finished generating code
SOIL.lib(SOIL.obj) : warning LNK4099: PDB 'vc110.pdb' was not found with 'SOIL.lib(SOIL.obj)' or at 'C:\Users\ArthurMaiaValerio\Desktop\Faculdade\PG\Sabertooth-master\x64\Debug\vc110.pdb'; linking object as if no debug info
SOIL.lib(stb_image_aug.obj) : warning LNK4099: PDB 'vc110.pdb' was not found with 'SOIL.lib(stb_image_aug.obj)' or at 'C:\Users\ArthurMaiaValerio\Desktop\Faculdade\PG\Sabertooth-master\x64\Debug\vc110.pdb'; linking object as if no debug info
SOIL.lib(image_helper.obj) : warning LNK4099: PDB 'vc110.pdb' was not found with 'SOIL.lib(image_helper.obj)' or at 'C:\Users\ArthurMaiaValerio\Desktop\Faculdade\PG\Sabertooth-master\x64\Debug\vc110.pdb'; linking object as if no debug info
SOIL.lib(image_DXT.obj) : warning LNK4099: PDB 'vc110.pdb' was not found with 'SOIL.lib(image_DXT.obj)' or at 'C:\Users\ArthurMaiaValerio\Desktop\Faculdade\PG\Sabertooth-master\x64\Debug\vc110.pdb'; linking object as if no debug info
  Sabertooth.vcxproj -> C:\Users\ArthurMaiaValerio\Desktop\Faculdade\PG\Sabertooth-master\x64\Debug\Sabertooth.exe
